c:\users\libor\documents\visual studio 2013\projects\dungeon brawler\dungeon brawler\debug\vc120.pdb
c:\users\libor\documents\visual studio 2013\projects\dungeon brawler\dungeon brawler\debug\vc120.idb
c:\users\libor\documents\visual studio 2013\projects\dungeon brawler\dungeon brawler\debug\background.obj
c:\users\libor\documents\visual studio 2013\projects\dungeon brawler\dungeon brawler\debug\collisionmanager.obj
c:\users\libor\documents\visual studio 2013\projects\dungeon brawler\dungeon brawler\debug\enemy.obj
c:\users\libor\documents\visual studio 2013\projects\dungeon brawler\dungeon brawler\debug\entity.obj
c:\users\libor\documents\visual studio 2013\projects\dungeon brawler\dungeon brawler\debug\floorgenerator.obj
c:\users\libor\documents\visual studio 2013\projects\dungeon brawler\dungeon brawler\debug\game.obj
c:\users\libor\documents\visual studio 2013\projects\dungeon brawler\dungeon brawler\debug\main.obj
c:\users\libor\documents\visual studio 2013\projects\dungeon brawler\dungeon brawler\debug\meleeweapon.obj
c:\users\libor\documents\visual studio 2013\projects\dungeon brawler\dungeon brawler\debug\platform.obj
c:\users\libor\documents\visual studio 2013\projects\dungeon brawler\dungeon brawler\debug\player.obj
c:\users\libor\documents\visual studio 2013\projects\dungeon brawler\dungeon brawler\debug\projectile.obj
c:\users\libor\documents\visual studio 2013\projects\dungeon brawler\dungeon brawler\debug\rangeweapon.obj
c:\users\libor\documents\visual studio 2013\projects\dungeon brawler\dungeon brawler\debug\raycast.obj
c:\users\libor\documents\visual studio 2013\projects\dungeon brawler\dungeon brawler\debug\room.obj
c:\users\libor\documents\visual studio 2013\projects\dungeon brawler\dungeon brawler\debug\slime.obj
c:\users\libor\documents\visual studio 2013\projects\dungeon brawler\dungeon brawler\debug\weapon.obj
c:\users\libor\documents\visual studio 2013\projects\dungeon brawler\dungeon brawler\debug\mycontactlistener.obj
c:\users\libor\documents\visual studio 2013\projects\dungeon brawler\dungeon brawler\debug\arrowshooter.obj
c:\users\libor\documents\visual studio 2013\projects\dungeon brawler\dungeon brawler\debug\application.obj
c:\users\libor\documents\visual studio 2013\projects\dungeon brawler\dungeon brawler\debug\gamestate.obj
c:\users\libor\documents\visual studio 2013\projects\dungeon brawler\dungeon brawler\debug\menustate.obj
c:\users\libor\documents\visual studio 2013\projects\dungeon brawler\dungeon brawler\debug\pausestate.obj
c:\users\libor\documents\visual studio 2013\projects\dungeon brawler\dungeon brawler\debug\state.obj
c:\users\libor\documents\visual studio 2013\projects\dungeon brawler\dungeon brawler\debug\statestack.obj
c:\users\libor\documents\visual studio 2013\projects\dungeon brawler\dungeon brawler\debug\titlestate.obj
c:\users\libor\documents\visual studio 2013\projects\dungeon brawler\dungeon brawler\debug\utility.obj
c:\users\libor\documents\visual studio 2013\projects\dungeon brawler\dungeon brawler\debug\world.obj
c:\users\libor\documents\visual studio 2013\projects\dungeon brawler\dungeon brawler\debug\lifes.obj
c:\users\libor\documents\visual studio 2013\projects\dungeon brawler\dungeon brawler\debug\hud.obj
c:\users\libor\documents\visual studio 2013\projects\dungeon brawler\debug\dungeon brawler.ilk
c:\users\libor\documents\visual studio 2013\projects\dungeon brawler\debug\dungeon brawler.exe
c:\users\libor\documents\visual studio 2013\projects\dungeon brawler\debug\dungeon brawler.pdb
c:\users\libor\documents\visual studio 2013\projects\dungeon brawler\dungeon brawler\debug\dungeon brawler.tlog\cl.command.1.tlog
c:\users\libor\documents\visual studio 2013\projects\dungeon brawler\dungeon brawler\debug\dungeon brawler.tlog\cl.read.1.tlog
c:\users\libor\documents\visual studio 2013\projects\dungeon brawler\dungeon brawler\debug\dungeon brawler.tlog\cl.write.1.tlog
c:\users\libor\documents\visual studio 2013\projects\dungeon brawler\dungeon brawler\debug\dungeon brawler.tlog\link.command.1.tlog
c:\users\libor\documents\visual studio 2013\projects\dungeon brawler\dungeon brawler\debug\dungeon brawler.tlog\link.read.1.tlog
c:\users\libor\documents\visual studio 2013\projects\dungeon brawler\dungeon brawler\debug\dungeon brawler.tlog\link.write.1.tlog
